TN:
SF:script/BridgeTokens.s.sol
DA:9,0
FN:9,BridgeToken.run
FNDA:0,BridgeToken.run
DA:17,0
DA:18,0
DA:20,0
DA:25,0
DA:26,0
DA:33,0
DA:37,0
DA:38,0
DA:42,0
DA:46,0
FNF:1
FNH:0
LF:11
LH:0
BRF:0
BRH:0
end_of_record
TN:
SF:script/ConfigurePool.s.sol
DA:8,0
FN:8,ConfigurePool.run
FNDA:0,ConfigurePool.run
DA:20,0
DA:22,0
DA:23,0
DA:24,0
DA:25,0
DA:27,0
DA:43,0
DA:44,0
FNF:1
FNH:0
LF:9
LH:0
BRF:0
BRH:0
end_of_record
TN:
SF:script/Deployer.s.sol
DA:16,0
FN:16,TokenAndPoolDeployer.run
FNDA:0,TokenAndPoolDeployer.run
DA:19,0
DA:20,0
DA:22,0
DA:23,0
DA:24,0
DA:30,0
DA:33,0
DA:36,0
DA:41,0
DA:44,0
DA:47,0
DA:48,0
DA:53,0
FN:53,VaultDeployer.run
FNDA:0,VaultDeployer.run
DA:54,0
DA:55,0
DA:56,0
DA:57,0
FNF:2
FNH:0
LF:18
LH:0
BRF:0
BRH:0
end_of_record
TN:
SF:script/Interactions.s.sol
DA:15,0
FN:15,DepositScript.depositFunds
FNDA:0,DepositScript.depositFunds
DA:16,0
DA:23,0
FN:23,DepositScript.run
FNDA:0,DepositScript.run
DA:24,0
DA:29,0
FN:29,RedeemScript.redeemFunds
FNDA:0,RedeemScript.redeemFunds
DA:31,0
DA:34,0
FN:34,RedeemScript.run
FNDA:0,RedeemScript.run
DA:35,0
FNF:4
FNH:0
LF:8
LH:0
BRF:0
BRH:0
end_of_record
TN:
SF:src/RebaseToken.sol
DA:92,18
FN:92,RebaseToken.grantMintAndBurnRole
FNDA:18,RebaseToken.grantMintAndBurnRole
DA:93,18
DA:102,774
FN:102,RebaseToken.setInterestRate
FNDA:774,RebaseToken.setInterestRate
DA:103,516
DA:104,258
BRDA:104,0,0,258
DA:106,258
DA:107,258
DA:108,258
DA:123,1300
FN:123,RebaseToken.mint
FNDA:1300,RebaseToken.mint
DA:128,1299
DA:129,1299
DA:130,1299
DA:140,523
FN:140,RebaseToken.burn
FNDA:523,RebaseToken.burn
DA:144,522
BRDA:144,1,0,-
DA:145,0
DA:147,522
DA:148,522
DA:163,258
FN:163,RebaseToken.transfer
FNDA:258,RebaseToken.transfer
DA:167,258
BRDA:167,2,0,-
DA:168,0
DA:171,258
DA:172,258
DA:175,258
BRDA:175,3,0,258
DA:176,258
DA:179,258
DA:191,6
FN:191,RebaseToken.transferFrom
FNDA:6,RebaseToken.transferFrom
DA:196,6
BRDA:196,4,0,-
DA:197,0
DA:200,6
DA:201,6
DA:204,6
BRDA:204,5,0,6
DA:205,6
DA:208,6
DA:221,3400
FN:221,RebaseToken.balanceOf
FNDA:3400,RebaseToken.balanceOf
DA:222,6013
DA:223,6013
BRDA:223,6,0,2357
DA:224,2357
DA:227,3656
DA:228,3656
DA:239,516
FN:239,RebaseToken.principleBalanceOf
FNDA:516,RebaseToken.principleBalanceOf
DA:240,516
DA:247,1809
FN:247,RebaseToken.getInterestRate
FNDA:1809,RebaseToken.getInterestRate
DA:248,1809
DA:256,522
FN:256,RebaseToken.getUserInterestRate
FNDA:522,RebaseToken.getUserInterestRate
DA:257,522
DA:269,2349
FN:269,RebaseToken._mintAccruedInterest
FNDA:2349,RebaseToken._mintAccruedInterest
DA:270,2349
DA:271,2349
DA:272,2349
DA:274,2349
BRDA:274,7,0,262
DA:275,262
DA:278,2349
DA:287,3656
FN:287,RebaseToken._calculateAccumulatedInterestSinceLastUpdate
FNDA:3656,RebaseToken._calculateAccumulatedInterestSinceLastUpdate
DA:290,3656
DA:291,3656
DA:294,3656
FNF:12
FNH:12
LF:56
LH:53
BRF:8
BRH:5
end_of_record
TN:
SF:src/RebaseTokenPool.sol
DA:67,6
FN:67,RebaseTokenPool.lockOrBurn
FNDA:6,RebaseTokenPool.lockOrBurn
DA:71,6
DA:74,6
DA:78,6
DA:81,6
DA:101,6
FN:101,RebaseTokenPool.releaseOrMint
FNDA:6,RebaseTokenPool.releaseOrMint
DA:105,6
DA:108,6
DA:114,6
DA:121,6
FNF:2
FNH:2
LF:10
LH:10
BRF:0
BRH:0
end_of_record
TN:
SF:src/Vault.sol
DA:64,12
FN:64,Vault.constructor
FNDA:12,Vault.constructor
DA:65,12
DA:88,1293
FN:88,Vault.deposit
FNDA:1293,Vault.deposit
DA:89,1293
DA:94,1293
DA:105,516
FN:105,Vault.redeem
FNDA:516,Vault.redeem
DA:107,516
BRDA:107,0,0,258
DA:108,258
DA:112,516
DA:115,516
DA:116,516
BRDA:116,1,0,-
DA:117,0
DA:120,516
DA:132,1
FN:132,Vault.getRebaseTokenAddress
FNDA:1,Vault.getRebaseTokenAddress
DA:133,1
DA:141,0
FN:141,Vault.getCurrentInterestRate
FNDA:0,Vault.getCurrentInterestRate
DA:142,0
FNF:5
FNH:4
LF:17
LH:14
BRF:2
BRH:1
end_of_record
